#
# There is insufficient memory for the Java Runtime Environment to continue.
# Native memory allocation (malloc) failed to allocate 1048576 bytes for AllocateHeap
# Possible reasons:
#   The system is out of physical RAM or swap space
#   In 32 bit mode, the process size limit was hit
# Possible solutions:
#   Reduce memory load on the system
#   Increase physical memory or swap space
#   Check if swap backing store is full
#   Use 64 bit Java on a 64 bit OS
#   Decrease Java heap size (-Xmx/-Xms)
#   Decrease number of Java threads
#   Decrease Java thread stack sizes (-Xss)
#   Set larger code cache with -XX:ReservedCodeCacheSize=
# This output file may be truncated or incomplete.
#
#  Out of Memory Error (memory/allocation.inline.hpp:61), pid=6188, tid=0x0000000000001db4
#
# JRE version:  (8.0_111-b14) (build )
# Java VM: Java HotSpot(TM) 64-Bit Server VM (25.111-b14 mixed mode windows-amd64 compressed oops)
# Failed to write core dump. Minidumps are not enabled by default on client versions of Windows
#

---------------  T H R E A D  ---------------

Current thread (0x0000000002a9d800):  JavaThread "Unknown thread" [_thread_in_vm, id=7604, stack(0x0000000002900000,0x0000000002a00000)]

Stack: [0x0000000002900000,0x0000000002a00000]
[error occurred during error reporting (printing stack bounds), id 0xc0000005]

Native frames: (J=compiled Java code, j=interpreted, Vv=VM code, C=native code)


---------------  P R O C E S S  ---------------

Java Threads: ( => current thread )

Other Threads:

=>0x0000000002a9d800 (exited) JavaThread "Unknown thread" [_thread_in_vm, id=7604, stack(0x0000000002900000,0x0000000002a00000)]

VM state:not at safepoint (normal execution)

VM Mutex/Monitor currently owned by a thread: None

Heap:
 PSYoungGen      total 17920K, used 307K [0x00000000ec180000, 0x00000000ed580000, 0x0000000100000000)
  eden space 15360K, 2% used [0x00000000ec180000,0x00000000ec1cccd8,0x00000000ed080000)
  from space 2560K, 0% used [0x00000000ed300000,0x00000000ed300000,0x00000000ed580000)
  to   space 2560K, 0% used [0x00000000ed080000,0x00000000ed080000,0x00000000ed300000)
 ParOldGen       total 40960K, used 0K [0x00000000c4400000, 0x00000000c6c00000, 0x00000000ec180000)
  object space 40960K, 0% used [0x00000000c4400000,0x00000000c4400000,0x00000000c6c00000)
 Metaspace       used 770K, capacity 4480K, committed 4480K, reserved 1056768K
  class space    used 75K, capacity 384K, committed 384K, reserved 1048576K

Card table byte_map: [0x0000000011f60000,0x0000000012140000] byte_map_base: 0x000000001193e000

Marking Bits: (ParMarkBitMap*) 0x0000000061cda6c0
 Begin Bits: [0x0000000012680000, 0x0000000013570000)
 End Bits:   [0x0000000013570000, 0x0000000014460000)

Polling page: 0x0000000002860000

CodeCache: size=245760Kb used=328Kb max_used=328Kb free=245431Kb
 bounds [0x0000000002ba0000, 0x0000000002e10000, 0x0000000011ba0000]
 total_blobs=58 nmethods=0 adapters=38
 compilation: enabled

Compilation events (0 events):
No events

GC Heap History (0 events):
No events

Deoptimization events (0 events):
No events

Internal exceptions (0 events):
No events

Events (10 events):
Event: 0.476 loading class java/lang/Short
Event: 0.476 loading class java/lang/Short done
Event: 0.476 loading class java/lang/Integer
Event: 0.477 loading class java/lang/Integer done
Event: 0.477 loading class java/lang/Long
Event: 0.479 loading class java/lang/Long done
Event: 0.480 loading class java/lang/NullPointerException
Event: 0.481 loading class java/lang/NullPointerException done
Event: 0.481 loading class java/lang/ArithmeticException
Event: 0.481 loading class java/lang/ArithmeticException done


Dynamic libraries:
0x00007ff6e3ab0000 - 0x00007ff6e3ae7000 	C:\Program Files\Java\jdk1.8.0_111\bin\java.exe
0x00007ff88df30000 - 0x00007ff88e125000 	C:\WINDOWS\SYSTEM32\ntdll.dll
0x00007ff88d0b0000 - 0x00007ff88d16e000 	C:\WINDOWS\System32\KERNEL32.DLL
0x00007ff88b640000 - 0x00007ff88b908000 	C:\WINDOWS\System32\KERNELBASE.dll
0x00007ff88d540000 - 0x00007ff88d5ee000 	C:\WINDOWS\System32\ADVAPI32.dll
0x00007ff88d4a0000 - 0x00007ff88d53e000 	C:\WINDOWS\System32\msvcrt.dll
0x00007ff88ced0000 - 0x00007ff88cf6c000 	C:\WINDOWS\System32\sechost.dll
0x00007ff88d290000 - 0x00007ff88d3b5000 	C:\WINDOWS\System32\RPCRT4.dll
0x00007ff88c620000 - 0x00007ff88c7c1000 	C:\WINDOWS\System32\USER32.dll
0x00007ff88bdb0000 - 0x00007ff88bdd2000 	C:\WINDOWS\System32\win32u.dll
0x00007ff88cc00000 - 0x00007ff88cc2b000 	C:\WINDOWS\System32\GDI32.dll
0x00007ff88b970000 - 0x00007ff88ba7d000 	C:\WINDOWS\System32\gdi32full.dll
0x00007ff88bc80000 - 0x00007ff88bd1d000 	C:\WINDOWS\System32\msvcp_win.dll
0x00007ff88ba80000 - 0x00007ff88bb80000 	C:\WINDOWS\System32\ucrtbase.dll
0x00007ff87c6d0000 - 0x00007ff87c96a000 	C:\WINDOWS\WinSxS\amd64_microsoft.windows.common-controls_6595b64144ccf1df_6.0.19041.1110_none_60b5254171f9507e\COMCTL32.dll
0x00007ff88c5f0000 - 0x00007ff88c620000 	C:\WINDOWS\System32\IMM32.DLL
0x00000000613e0000 - 0x00000000614b2000 	C:\Program Files\Java\jdk1.8.0_111\jre\bin\msvcr100.dll
0x00000000614c0000 - 0x0000000061d5a000 	C:\Program Files\Java\jdk1.8.0_111\jre\bin\server\jvm.dll
0x00007ff88c5e0000 - 0x00007ff88c5e8000 	C:\WINDOWS\System32\PSAPI.DLL
0x00007ff878f20000 - 0x00007ff878f29000 	C:\WINDOWS\SYSTEM32\WSOCK32.dll
0x00007ff887f50000 - 0x00007ff887f77000 	C:\WINDOWS\SYSTEM32\WINMM.dll
0x00007ff882a60000 - 0x00007ff882a6a000 	C:\WINDOWS\SYSTEM32\VERSION.dll
0x00007ff88d220000 - 0x00007ff88d28b000 	C:\WINDOWS\System32\WS2_32.dll
0x0000000061390000 - 0x000000006139f000 	C:\Program Files\Java\jdk1.8.0_111\jre\bin\verify.dll
0x0000000061360000 - 0x0000000061389000 	C:\Program Files\Java\jdk1.8.0_111\jre\bin\java.dll
0x0000000061340000 - 0x0000000061356000 	C:\Program Files\Java\jdk1.8.0_111\jre\bin\zip.dll

VM Arguments:
jvm_args: -Dfile.encoding=UTF-8 
java_command: App.AppBancaria
java_class_path (initial): C:\Users\Silvina Paola\Documents\NetBeansProjects\Poo Eje5\build\classes
Launcher Type: SUN_STANDARD

Environment Variables:
JAVA_HOME=C:\Program Files\Java\jdk1.8.0_111
PATH=C:\ProgramData\Oracle\Java\javapath;C:\WINDOWS\system32;C:\WINDOWS;C:\WINDOWS\System32\Wbem;C:\WINDOWS\System32\WindowsPowerShell\v1.0\;C:\WINDOWS\System32\OpenSSH\;C:\Program Files (x86)\Common Files\Propellerhead Software\ReWire\;C:\Program Files\Common Files\Propellerhead Software\ReWire\;C:\Program Files\Java\jdk1.8.0_111\bin;C:\Users\Silvina Paola\AppData\Local\Microsoft\WindowsApps;;C:\Users\Silvina Paola\AppData\Local\Programs\Microsoft VS Code\bin
USERNAME=Silvina Paola
OS=Windows_NT
PROCESSOR_IDENTIFIER=Intel64 Family 6 Model 78 Stepping 3, GenuineIntel



---------------  S Y S T E M  ---------------

OS: Windows 10.0 , 64 bit Build 19041 (10.0.19041.1466)

CPU:total 4 (2 cores per cpu, 2 threads per core) family 6 model 78 stepping 3, cmov, cx8, fxsr, mmx, sse, sse2, sse3, ssse3, sse4.1, sse4.2, popcnt, avx, avx2, aes, clmul, erms, 3dnowpref, lzcnt, ht, tsc, tscinvbit, bmi1, bmi2, adx

Memory: 4k page, physical 3907912k(410056k free), swap 3907912k(5340k free)

vm_info: Java HotSpot(TM) 64-Bit Server VM (25.111-b14) for windows-amd64 JRE (1.8.0_111-b14), built on Sep 22 2016 19:24:05 by "java_re" with MS VC++ 10.0 (VS2010)

time: Sat Feb 12 15:48:24 2022
elapsed time: 0 seconds (0d 0h 0m 0s)

